<?xml version="1.0" encoding="UTF-8"?>
<!-- Generated by org.testng.reporters.JUnitXMLReporter -->
<testsuite ignored="0" hostname="DESKTOP-L709TVT" failures="1" tests="1" name="Error Validations" time="7.935" errors="0" timestamp="2025-01-04T21:10:11 IST">
  <testcase classname="Prashanth_maven_project.Tests.ErrorValidations" name="LoginErrorVal" time="1.798">
    <failure type="java.lang.AssertionError" message="expected [Incorrect email or password.] but found [Incorrect emaill or password.]">
      <![CDATA[java.lang.AssertionError: expected [Incorrect email or password.] but found [Incorrect emaill or password.]
at Prashanth_maven_project.Tests.ErrorValidations.LoginErrorVal(ErrorValidations.java:33)
at java.base/java.util.ArrayList.forEach(ArrayList.java:1596)
... Removed 31 stack frames]]>
    </failure>
  </testcase> <!-- LoginErrorVal -->
</testsuite> <!-- Error Validations -->
