<?xml version="1.0" encoding="UTF-8"?>
<!-- Generated by org.testng.reporters.JUnitXMLReporter -->
<testsuite ignored="0" hostname="DESKTOP-L709TVT" failures="0" tests="2" name="SubmitOrderTest" time="30.907" errors="0" timestamp="2025-01-04T21:10:02 IST">
  <testcase classname="Prashanth_maven_project.Tests.SubmitOrderTest" name="StandAlone" time="10.025"/>
  <testcase classname="Prashanth_maven_project.Tests.SubmitOrderTest" name="VerifyOrders" time="1.747"/>
</testsuite> <!-- SubmitOrderTest -->
