<?xml version="1.0" encoding="UTF-8"?>
<!-- Generated by org.testng.reporters.JUnitXMLReporter -->
<testsuite ignored="0" hostname="DESKTOP-L709TVT" failures="1" tests="3" name="SubmitOrderTest" time="58.507" errors="0" timestamp="2024-05-04T21:47:18 IST">
  <testcase classname="Prashanth_maven_project.Tests.SubmitOrderTest" name="StandAlone" time="7.114"/>
  <testcase classname="Prashanth_maven_project.Tests.SubmitOrderTest" name="StandAlone" time="7.87"/>
  <testcase classname="Prashanth_maven_project.Tests.SubmitOrderTest" name="VerifyOrders" time="0.0">
    <failure type="org.testng.TestNGException" message="
Cannot inject @Test annotated Method [VerifyOrders] with [class java.util.HashMap].
For more information on native dependency injection please refer to https://testng.org/doc/documentation-main.html#native-dependency-injection">
      <![CDATA[org.testng.TestNGException: 
Cannot inject @Test annotated Method [VerifyOrders] with [class java.util.HashMap].
For more information on native dependency injection please refer to https://testng.org/doc/documentation-main.html#native-dependency-injection
at java.base/java.util.ArrayList.forEach(ArrayList.java:1596)
... Removed 30 stack frames]]>
    </failure>
  </testcase> <!-- VerifyOrders -->
</testsuite> <!-- SubmitOrderTest -->
