<?xml version="1.0" encoding="UTF-8"?>
<!-- Generated by org.testng.reporters.JUnitXMLReporter -->
<testsuite ignored="0" hostname="DESKTOP-L709TVT" failures="1" tests="2" name="StandAloneTestNew" time="21.3" errors="0" timestamp="2024-04-28T10:43:05 IST">
  <testcase classname="Prashanth_maven_project.Tests.SubmitOrder" name="StandAlone" time="7.931"/>
  <testcase classname="Prashanth_maven_project.Tests.SubmitOrder" name="VerifyOrders" time="1.876">
    <failure type="java.lang.AssertionError" message="expected [true] but found [false]">
      <![CDATA[java.lang.AssertionError: expected [true] but found [false]
at Prashanth_maven_project.Tests.SubmitOrder.VerifyOrders(SubmitOrder.java:65)
at java.base/java.util.ArrayList.forEach(ArrayList.java:1596)
... Removed 29 stack frames]]>
    </failure>
  </testcase> <!-- VerifyOrders -->
</testsuite> <!-- StandAloneTestNew -->
